Arguments: 
  /usr/local/bin/node /usr/local/bin/yarn add react-apollo

PATH: 
  /Library/Frameworks/Python.framework/Versions/3.7/bin:/Library/Frameworks/Python.framework/Versions/3.7/bin:/usr/local/mongodb/bin:/usr/local/bin:/usr/bin:/bin:/usr/sbin:/sbin:/Library/Frameworks/Python.framework/Versions/3.7/bin:/usr/local/mongodb/bin

Yarn version: 
  1.7.0

Node version: 
  10.2.0

Platform: 
  darwin x64

Trace: 
  Error: EINVAL: invalid argument, unlink '/Users/zcool/project/edm-editor/node_modules/raw-body/node_modules/iconv-lite'

npm manifest: 
  {
    "name": "edm-editor",
    "version": "1.0.0",
    "description": "",
    "main": "index.js",
    "dependencies": {
      "apollo-client": "^2.4.2",
      "axios": "^0.18.0",
      "lodash": "^4.17.10",
      "mobx": "^5.0.4",
      "mobx-react": "^5.2.5",
      "react": "^16.4.2",
      "react-apollo": "^2.1.11",
      "react-dom": "^16.4.2",
      "underscore.string": "^3.3.4"
    },
    "devDependencies": {
      "@types/node": "^10.9.2",
      "@types/react": "^16.4.12",
      "babel-core": "^6.26.3",
      "babel-eslint": "^8.2.6",
      "babel-loader": "^7.1.5",
      "babel-plugin-transform-class-properties": "^6.24.1",
      "babel-plugin-transform-decorators-legacy": "^1.3.5",
      "babel-plugin-transform-object-rest-spread": "^6.26.0",
      "babel-plugin-transform-runtime": "^6.23.0",
      "babel-polyfill": "^6.26.0",
      "babel-preset-env": "^1.7.0",
      "babel-preset-es2017": "^6.24.1",
      "babel-preset-react": "^6.24.1",
      "css-loader": "^1.0.0",
      "eslint": "^4.19.1",
      "eslint-config-zcool": "^1.3.1",
      "eslint-loader": "^2.1.0",
      "file-loader": "^2.0.0",
      "html-webpack-plugin": "^3.2.0",
      "node-sass": "^4.9.3",
      "react-hot-loader": "^4.3.5",
      "sass-loader": "^7.1.0",
      "style-loader": "^0.22.1",
      "ts-loader": "^4.5.0",
      "typescript": "^3.0.1",
      "url-loader": "^1.1.1",
      "webpack": "^4.17.1",
      "webpack-cli": "^3.1.0",
      "webpack-dev-server": "^3.1.5"
    },
    "scripts": {
      "dev": "webpack-dev-server --config ./config/webpack.config.dev.js"
    },
    "keywords": [],
    "author": "",
    "license": "ISC"
  }

yarn manifest: 
  No manifest

Lockfile: 
  No lockfile
